  main.cpp
C:\Program Files (x86)\Windows Kits\10\Include\10.0.19041.0\ucrt\corecrt_math_defines.h(28,1): warning C4005: M_PI: изменение макроопределения
D:\Desktop\pg\PP\Project2\Spy-hunter\SDL2-2.0.10\include\SDL_stdinc.h(499,1): message : см. предыдущее определение "M_PI"
D:\Desktop\pg\PP\Project2\Spy-hunter\main.cpp(122,12): warning C4244: аргумент: преобразование "time_t" в "unsigned int", возможна потеря данных
D:\Desktop\pg\PP\Project2\Spy-hunter\main.cpp(208,9): warning C4996: 'fopen': This function or variable may be unsafe. Consider using fopen_s instead. To disable deprecation, use _CRT_SECURE_NO_WARNINGS. See online help for details.
D:\Desktop\pg\PP\Project2\Spy-hunter\main.cpp(210,3): warning C4996: 'fscanf': This function or variable may be unsafe. Consider using fscanf_s instead. To disable deprecation, use _CRT_SECURE_NO_WARNINGS. See online help for details.
D:\Desktop\pg\PP\Project2\Spy-hunter\main.cpp(213,4): warning C4996: 'fscanf': This function or variable may be unsafe. Consider using fscanf_s instead. To disable deprecation, use _CRT_SECURE_NO_WARNINGS. See online help for details.
D:\Desktop\pg\PP\Project2\Spy-hunter\main.cpp(240,77): warning C4267: аргумент: преобразование из "size_t" в "int"; возможна потеря данных
D:\Desktop\pg\PP\Project2\Spy-hunter\main.cpp(242,77): warning C4267: аргумент: преобразование из "size_t" в "int"; возможна потеря данных
D:\Desktop\pg\PP\Project2\Spy-hunter\main.cpp(247,77): warning C4267: аргумент: преобразование из "size_t" в "int"; возможна потеря данных
D:\Desktop\pg\PP\Project2\Spy-hunter\main.cpp(254,78): warning C4267: аргумент: преобразование из "size_t" в "int"; возможна потеря данных
D:\Desktop\pg\PP\Project2\Spy-hunter\main.cpp(259,88): warning C4267: аргумент: преобразование из "size_t" в "int"; возможна потеря данных
D:\Desktop\pg\PP\Project2\Spy-hunter\main.cpp(237,12): warning C4996: 'localtime': This function or variable may be unsafe. Consider using localtime_s instead. To disable deprecation, use _CRT_SECURE_NO_WARNINGS. See online help for details.
D:\Desktop\pg\PP\Project2\Spy-hunter\main.cpp(241,2): warning C4996: 'sprintf': This function or variable may be unsafe. Consider using sprintf_s instead. To disable deprecation, use _CRT_SECURE_NO_WARNINGS. See online help for details.
D:\Desktop\pg\PP\Project2\Spy-hunter\main.cpp(244,3): warning C4996: 'sprintf': This function or variable may be unsafe. Consider using sprintf_s instead. To disable deprecation, use _CRT_SECURE_NO_WARNINGS. See online help for details.
D:\Desktop\pg\PP\Project2\Spy-hunter\main.cpp(246,3): warning C4996: 'sprintf': This function or variable may be unsafe. Consider using sprintf_s instead. To disable deprecation, use _CRT_SECURE_NO_WARNINGS. See online help for details.
D:\Desktop\pg\PP\Project2\Spy-hunter\main.cpp(253,3): warning C4996: 'sprintf': This function or variable may be unsafe. Consider using sprintf_s instead. To disable deprecation, use _CRT_SECURE_NO_WARNINGS. See online help for details.
D:\Desktop\pg\PP\Project2\Spy-hunter\main.cpp(258,4): warning C4996: 'sprintf': This function or variable may be unsafe. Consider using sprintf_s instead. To disable deprecation, use _CRT_SECURE_NO_WARNINGS. See online help for details.
D:\Desktop\pg\PP\Project2\Spy-hunter\main.cpp(288,75): warning C4267: аргумент: преобразование из "size_t" в "int"; возможна потеря данных
D:\Desktop\pg\PP\Project2\Spy-hunter\main.cpp(289,119): warning C4267: аргумент: преобразование из "size_t" в "int"; возможна потеря данных
D:\Desktop\pg\PP\Project2\Spy-hunter\main.cpp(318,12): warning C4996: 'localtime': This function or variable may be unsafe. Consider using localtime_s instead. To disable deprecation, use _CRT_SECURE_NO_WARNINGS. See online help for details.
D:\Desktop\pg\PP\Project2\Spy-hunter\main.cpp(319,2): warning C4996: 'sprintf': This function or variable may be unsafe. Consider using sprintf_s instead. To disable deprecation, use _CRT_SECURE_NO_WARNINGS. See online help for details.
D:\Desktop\pg\PP\Project2\Spy-hunter\main.cpp(320,9): warning C4996: 'fopen': This function or variable may be unsafe. Consider using fopen_s instead. To disable deprecation, use _CRT_SECURE_NO_WARNINGS. See online help for details.
D:\Desktop\pg\PP\Project2\Spy-hunter\main.cpp(399,17): warning C4477: "fscanf": в строке форматирования "%d" требуется аргумент типа "int *", но вариативный аргумент "4" имеет тип "bool *"
D:\Desktop\pg\PP\Project2\Spy-hunter\main.cpp(399,17): warning C4477: "fscanf": в строке форматирования "%d" требуется аргумент типа "int *", но вариативный аргумент "6" имеет тип "bool *"
D:\Desktop\pg\PP\Project2\Spy-hunter\main.cpp(400,17): warning C4477: "fscanf": в строке форматирования "%d" требуется аргумент типа "int *", но вариативный аргумент "3" имеет тип "bool *"
D:\Desktop\pg\PP\Project2\Spy-hunter\main.cpp(394,9): warning C4996: 'fopen': This function or variable may be unsafe. Consider using fopen_s instead. To disable deprecation, use _CRT_SECURE_NO_WARNINGS. See online help for details.
D:\Desktop\pg\PP\Project2\Spy-hunter\main.cpp(397,3): warning C4996: 'fscanf': This function or variable may be unsafe. Consider using fscanf_s instead. To disable deprecation, use _CRT_SECURE_NO_WARNINGS. See online help for details.
D:\Desktop\pg\PP\Project2\Spy-hunter\main.cpp(399,4): warning C4996: 'fscanf': This function or variable may be unsafe. Consider using fscanf_s instead. To disable deprecation, use _CRT_SECURE_NO_WARNINGS. See online help for details.
D:\Desktop\pg\PP\Project2\Spy-hunter\main.cpp(400,4): warning C4996: 'fscanf': This function or variable may be unsafe. Consider using fscanf_s instead. To disable deprecation, use _CRT_SECURE_NO_WARNINGS. See online help for details.
D:\Desktop\pg\PP\Project2\Spy-hunter\main.cpp(447,25): warning C4244: аргумент: преобразование "double" в "int", возможна потеря данных
D:\Desktop\pg\PP\Project2\Spy-hunter\main.cpp(453,76): warning C4267: аргумент: преобразование из "size_t" в "int"; возможна потеря данных
D:\Desktop\pg\PP\Project2\Spy-hunter\main.cpp(455,76): warning C4267: аргумент: преобразование из "size_t" в "int"; возможна потеря данных
D:\Desktop\pg\PP\Project2\Spy-hunter\main.cpp(452,2): warning C4996: 'sprintf': This function or variable may be unsafe. Consider using sprintf_s instead. To disable deprecation, use _CRT_SECURE_NO_WARNINGS. See online help for details.
D:\Desktop\pg\PP\Project2\Spy-hunter\main.cpp(454,2): warning C4996: 'sprintf': This function or variable may be unsafe. Consider using sprintf_s instead. To disable deprecation, use _CRT_SECURE_NO_WARNINGS. See online help for details.
D:\Desktop\pg\PP\Project2\Spy-hunter\main.cpp(462,2): warning C4996: 'sprintf': This function or variable may be unsafe. Consider using sprintf_s instead. To disable deprecation, use _CRT_SECURE_NO_WARNINGS. See online help for details.
D:\Desktop\pg\PP\Project2\Spy-hunter\main.cpp(464,2): warning C4996: 'sprintf': This function or variable may be unsafe. Consider using sprintf_s instead. To disable deprecation, use _CRT_SECURE_NO_WARNINGS. See online help for details.
D:\Desktop\pg\PP\Project2\Spy-hunter\main.cpp(466,2): warning C4996: 'sprintf': This function or variable may be unsafe. Consider using sprintf_s instead. To disable deprecation, use _CRT_SECURE_NO_WARNINGS. See online help for details.
D:\Desktop\pg\PP\Project2\Spy-hunter\main.cpp(468,2): warning C4996: 'sprintf': This function or variable may be unsafe. Consider using sprintf_s instead. To disable deprecation, use _CRT_SECURE_NO_WARNINGS. See online help for details.
D:\Desktop\pg\PP\Project2\Spy-hunter\main.cpp(470,2): warning C4996: 'sprintf': This function or variable may be unsafe. Consider using sprintf_s instead. To disable deprecation, use _CRT_SECURE_NO_WARNINGS. See online help for details.
D:\Desktop\pg\PP\Project2\Spy-hunter\main.cpp(472,2): warning C4996: 'sprintf': This function or variable may be unsafe. Consider using sprintf_s instead. To disable deprecation, use _CRT_SECURE_NO_WARNINGS. See online help for details.
D:\Desktop\pg\PP\Project2\Spy-hunter\main.cpp(474,2): warning C4996: 'sprintf': This function or variable may be unsafe. Consider using sprintf_s instead. To disable deprecation, use _CRT_SECURE_NO_WARNINGS. See online help for details.
D:\Desktop\pg\PP\Project2\Spy-hunter\main.cpp(484,9): warning C4996: 'fopen': This function or variable may be unsafe. Consider using fopen_s instead. To disable deprecation, use _CRT_SECURE_NO_WARNINGS. See online help for details.
D:\Desktop\pg\PP\Project2\Spy-hunter\main.cpp(487,4): warning C4996: 'fscanf': This function or variable may be unsafe. Consider using fscanf_s instead. To disable deprecation, use _CRT_SECURE_NO_WARNINGS. See online help for details.
D:\Desktop\pg\PP\Project2\Spy-hunter\main.cpp(648,23): warning C4244: аргумент: преобразование "double" в "int", возможна потеря данных
D:\Desktop\pg\PP\Project2\Spy-hunter\main.cpp(661,9): warning C4996: 'fopen': This function or variable may be unsafe. Consider using fopen_s instead. To disable deprecation, use _CRT_SECURE_NO_WARNINGS. See online help for details.
D:\Desktop\pg\PP\Project2\Spy-hunter\main.cpp(687,75): warning C4267: аргумент: преобразование из "size_t" в "int"; возможна потеря данных
D:\Desktop\pg\PP\Project2\Spy-hunter\main.cpp(689,75): warning C4267: аргумент: преобразование из "size_t" в "int"; возможна потеря данных
D:\Desktop\pg\PP\Project2\Spy-hunter\main.cpp(691,75): warning C4267: аргумент: преобразование из "size_t" в "int"; возможна потеря данных
D:\Desktop\pg\PP\Project2\Spy-hunter\main.cpp(693,75): warning C4267: аргумент: преобразование из "size_t" в "int"; возможна потеря данных
D:\Desktop\pg\PP\Project2\Spy-hunter\main.cpp(688,2): warning C4996: 'sprintf': This function or variable may be unsafe. Consider using sprintf_s instead. To disable deprecation, use _CRT_SECURE_NO_WARNINGS. See online help for details.
D:\Desktop\pg\PP\Project2\Spy-hunter\main.cpp(690,2): warning C4996: 'sprintf': This function or variable may be unsafe. Consider using sprintf_s instead. To disable deprecation, use _CRT_SECURE_NO_WARNINGS. See online help for details.
D:\Desktop\pg\PP\Project2\Spy-hunter\main.cpp(692,2): warning C4996: 'sprintf': This function or variable may be unsafe. Consider using sprintf_s instead. To disable deprecation, use _CRT_SECURE_NO_WARNINGS. See online help for details.
D:\Desktop\pg\PP\Project2\Spy-hunter\main.cpp(750,27): warning C4244: аргумент: преобразование "double" в "int", возможна потеря данных
D:\Desktop\pg\PP\Project2\Spy-hunter\main.cpp(771,56): warning C4244: аргумент: преобразование "double" в "int", возможна потеря данных
D:\Desktop\pg\PP\Project2\Spy-hunter\main.cpp(786,31): warning C4244: аргумент: преобразование "double" в "int", возможна потеря данных
D:\Desktop\pg\PP\Project2\Spy-hunter\main.cpp(790,31): warning C4244: аргумент: преобразование "double" в "int", возможна потеря данных
D:\Desktop\pg\PP\Project2\Spy-hunter\main.cpp(730,7): warning C4101: alert: неиспользованная локальная переменная
  szablon2vs19.vcxproj -> D:\Desktop\pg\PP\Project2\Spy-hunter\x64\Debug\szablon2vs19.exe
